Jun 17, 2026 8:25:14 PM Main main
INFO: --- Démarrage du pipeline ---
Jun 17, 2026 8:25:14 PM Main runPipeline
INFO: Étape 1: Image pré-traitée.
Jun 17, 2026 8:25:17 PM Main runPipeline
INFO: Étape 2: Palette de 9 biomes créée.
Jun 17, 2026 8:25:17 PM Main runPipeline
INFO: Étape 3: Cartographie des biomes terminée.
Jun 17, 2026 8:25:17 PM Main runPipeline
INFO: 
Étape 4: Génération des images...
Jun 17, 2026 8:25:17 PM Main visualizeEcosystemsForBiome
INFO:    -> [NORMAL] 'Neige_Permanente' (36493 pixels)...
Jun 17, 2026 8:25:17 PM Main visualizeEcosystemsForBiome
INFO:    -> [RAPIDE] 'Foret_Boreale_Dense' (83618 pixels)...
Jun 17, 2026 8:25:17 PM Main visualizeEcosystemsForBiome
INFO:    -> [NORMAL] 'Savane' (21481 pixels)...
Jun 17, 2026 8:25:17 PM Main visualizeEcosystemsForBiome
INFO:    -> [NORMAL] 'Ocean' (5875 pixels)...
Jun 17, 2026 8:25:17 PM Main visualizeEcosystemsForBiome
INFO:    -> [NORMAL] 'Montagne_Basse' (3653 pixels)...
Jun 17, 2026 8:25:17 PM Main visualizeEcosystemsForBiome
INFO:    -> [NORMAL] 'Terre_Volcanique' (23517 pixels)...
Jun 17, 2026 8:25:17 PM Main visualizeEcosystemsForBiome
INFO:    -> [NORMAL] 'Toundra_Roche' (15911 pixels)...
Jun 17, 2026 8:25:17 PM Main visualizeEcosystemsForBiome
INFO:    -> [NORMAL] 'Pics_Rocheux' (16535 pixels)...
Jun 17, 2026 8:25:17 PM Main visualizeEcosystemsForBiome
INFO:    -> [RAPIDE] 'Ocean_Profond' (317205 pixels)...
Jun 17, 2026 8:40:47 PM Main main
INFO: 
--- Pipeline terminé en 932.531 secondes. ---
